Log file for Taw.
Creation date: 2019-08-18 18:36:57

2019-08-18 18:36:57:	Running child process DataImporter
2019-08-18 18:36:57:	Running child process DataParser
2019-08-18 18:36:57:	Running child process DataFilter
2019-08-18 18:36:57:	Running child process PcaLearner
2019-08-18 18:36:58:	Running child process PcaLearnerViewExporter
2019-08-18 18:37:06:	Running child process PlsLearner
2019-08-18 18:37:20:	Running child process PlsLearnerViewExporter
2019-08-18 18:37:27:	Running child process PlsLearnerResultExporter
2019-08-18 18:37:28:	Running child process PlsPredictor
2019-08-18 18:37:28:	Running child process PlsPredictorViewExporter
2019-08-18 18:37:37:	Running child process PlsPredictorResultExporter
2019-08-18 18:37:37:	Running child process PartialDiffProcess
2019-08-18 18:37:37:	Running child process PartialDiffMatrixExporter
2019-08-18 18:37:38:	Running child process DiffProcess
2019-08-18 18:37:38:	Running child process DiffProcessViewExporter
2019-08-18 18:37:39:	Running child process DiffTableExporter
2019-08-18 18:37:39:	Done (elapsed run time: 00:00:42.701)

Closing date: 2019-08-18 18:37:39